Using the default profile...
Feature: Fixing bug 129

  Scenario: Running with LuaTeX                                                                      # features/issue129.feature:3
    Given I am testing LuaTeX                                                                        # features/step_definitions/text_steps.rb:31
    And the main language is German                                                                  # features/step_definitions/text_steps.rb:51
    And another language is english with variant=british                                             # features/step_definitions/text_steps.rb:60
    And another language is Italian                                                                  # features/step_definitions/text_steps.rb:60
    And another language is Spanish                                                                  # features/step_definitions/text_steps.rb:60
    When I set "Rindfleischetikettierungsgesetz\textenglish{mellifluous}" in a very narrow paragraph # features/step_definitions/text_steps.rb:153
    And show me the interactive prompt                                                               # features/step_definitions/text_steps.rb:176
This is LuaTeX, Version beta-0.80.0 (TeX Live 2015) (rev 5238) 
 restricted \write18 enabled.
(/tmp/d20160210-15044-j6cur8/scenario.tex
LaTeX2e <2016/02/01>
Babel <3.9o> and hyphenation patterns for 1 language(s) loaded.
(/home/arthur/perso/TeX/live/dev/texmf-dist/tex/latex/base/minimal.cls
Document Class: minimal 2001/05/25 Standard LaTeX minimal class
) (/home/arthur/perso/polyglossia/tex/polyglossia.sty (/home/arthur/perso/TeX/live/dev/texmf-dist/tex/latex/etoolbox/etoolbox.sty) (/home/arthur/perso/TeX/live/dev/texmf-dist/tex/latex/makecmds/makecmds.sty) (/home/arthur/perso/TeX/live/dev/texmf-dist/tex/latex/xkeyval/xkeyval.sty (/home/arthur/perso/TeX/live/dev/texmf-dist/tex/generic/xkeyval/xkeyval.tex (/home/arthur/perso/TeX/live/dev/texmf-dist/tex/generic/xkeyval/xkvutils.tex (/home/arthur/perso/TeX/live/dev/texmf-dist/tex/generic/xkeyval/keyval.tex)))) (/home/arthur/perso/TeX/live/dev/texmf-dist/tex/latex/fontspec/fontspec.sty (/home/arthur/perso/TeX/live/dev/texmf-dist/tex/latex/l3kernel/expl3.sty (/home/arthur/perso/TeX/live/dev/texmf-dist/tex/latex/l3kernel/expl3-code.tex) (/home/arthur/perso/TeX/live/dev/texmf-dist/tex/latex/l3kernel/l3pdfmode.def)) (/home/arthur/perso/TeX/live/dev/texmf-dist/tex/latex/l3packages/xparse/xparse.sty) (/home/arthur/perso/TeX/live/dev/texmf-dist/tex/luatex/luaotfload/luaotfload.sty(using cache: /home/arthur/perso/TeX/live/dev/texmf-var/luatex-cache/generic)
luaotfload | main : initialization completed in 0.056 seconds) (/home/arthur/perso/TeX/live/dev/texmf-dist/tex/latex/fontspec/fontspec-luatex.sty (/home/arthur/perso/TeX/live/dev/texmf-dist/tex/latex/base/fontenc.sty (/home/arthur/perso/TeX/live/dev/texmf-dist/tex/latex/euenc/eu2enc.def) (/home/arthur/perso/TeX/live/dev/texmf-dist/tex/latex/euenc/eu2lmr.fd)(load luc: /home/arthur/perso/TeX/live/dev/texmf-var/luatex-cache/generic/fonts/otf/lmroman10-regular.luc)) (/home/arthur/perso/TeX/live/dev/texmf-dist/tex/xelatex/xunicode/xunicode.sty (/home/arthur/perso/TeX/live/dev/texmf-dist/tex/latex/tipa/t3enc.def(load luc: /home/arthur/perso/TeX/live/dev/texmf-var/luatex-cache/generic/fonts/otf/lmromanslant10-regular.luc)(load luc: /home/arthur/perso/TeX/live/dev/texmf-var/luatex-cache/generic/fonts/otf/lmroman10-italic.luc)(load luc: /home/arthur/perso/TeX/live/dev/texmf-var/luatex-cache/generic/fonts/otf/lmroman10-bold.luc) (/home/arthur/perso/TeX/live/dev/texmf-dist/tex/latex/euenc/eu2lmss.fd)(load luc: /home/arthur/perso/TeX/live/dev/t
exmf-var/luatex-cache/generic/fonts/otf/lmsans10-regular.luc)) (/home/arthur/perso/TeX/live/dev/texmf-dist/tex/latex/graphics/graphicx.sty (/home/arthur/perso/TeX/live/dev/texmf-dist/tex/latex/graphics/graphics.sty (/home/arthur/perso/TeX/live/dev/texmf-dist/tex/latex/graphics/trig.sty) (/home/arthur/perso/TeX/live/dev/texmf-dist/tex/latex/latexconfig/graphics.cfg) (/home/arthur/perso/TeX/live/dev/texmf-dist/tex/latex/pdftex-def/pdftex.def (/home/arthur/perso/TeX/live/dev/texmf-dist/tex/generic/oberdiek/infwarerr.sty) (/home/arthur/perso/TeX/live/dev/texmf-dist/tex/generic/oberdiek/ltxcmds.sty))))) (/home/arthur/perso/TeX/live/dev/texmf-dist/tex/latex/fontspec/fontspec.cfg))) (/home/arthur/perso/TeX/live/dev/texmf-dist/tex/generic/oberdiek/ifluatex.sty) (/home/arthur/perso/TeX/live/dev/texmf-dist/tex/generic/ifxetex/ifxetex.sty) (/home/arthur/perso/TeX/live/dev/texmf-dist/tex/luatex/luatexbase/luatexbase.sty (/home/arthur/perso/TeX/live/dev/texmf-dist/tex/luatex/ctablestack/ctablestack.sty))) (/home/arthur/perso/polyglossia/tex/gloss-german.ldfLanguage data for german
hyphenation	
lefthyphenmin	2
loader	loadhyph-de-1901.tex
righthyphenmin	2
patterns	hyph-de-1901.pat.txt
synonyms	table: 0x3aae720

hyph-de-1901.pat.txt
Language german was not yet loaded; created with id 4
Language german already loaded; id is 4
Language german already loaded; id is 4
Language german already loaded; id is 4
Language german already loaded; id is 4
Language german already loaded; id is 4
Language german already loaded; id is 4
Language german already loaded; id is 4Language data for ngerman
hyphenation	
lefthyphenmin	2
loader	loadhyph-de-1996.tex
righthyphenmin	2
patterns	hyph-de-1996.pat.txt
synonyms	table: 0x3aae8f0

hyph-de-1996.pat.txt
Language ngerman was not yet loaded; created with id 8
Language ngerman already loaded; id is 8 (/home/arthur/perso/polyglossia/tex/babelsh.def)) (/home/arthur/perso/polyglossia/tex/gloss-english.ldf)Language data for ukenglish
hyphenation	hyph-en-gb.hyp.txt
lefthyphenmin	2
loader	loadhyph-en-gb.tex
righthyphenmin	3
patterns	hyph-en-gb.pat.txt
synonyms	table: 0x3aad090

hyph-en-gb.pat.txt
Language ukenglish was not yet loaded; created with id 12
Language ukenglish already loaded; id is 12 (/home/arthur/perso/polyglossia/tex/gloss-italian.ldf
Language italian not found in language.dat.lua
Language italian not found in language.dat.lua
Language italian not found in language.dat.lua
Language italian not found in language.dat.lua
Language italian not found in language.dat.lua
Language italian not found in language.dat.lua

Package polyglossia Warning: \setlocalhyphenmin useless for unhyphenated language italian on input line 9.

) (/home/arthur/perso/polyglossia/tex/gloss-spanish.ldf
Language spanish not found in language.dat.lua
Language spanish not found in language.dat.lua
Language spanish not found in language.dat.lua
Language spanish not found in language.dat.lua
Language spanish not found in language.dat.lua
Language spanish not found in language.dat.lua

Package polyglossia Warning: \setlocalhyphenmin useless for unhyphenated language spanish on input line 8.

)
No file scenario.aux.
(/home/arthur/perso/TeX/live/dev/texmf-dist/tex/latex/tipa/t3cmr.fd) (/home/arthur/perso/TeX/live/dev/texmf-dist/tex/context/base/supp-pdf.mkii
[Loading MPS to PDF converter (version 2006.09.02).]
) (/home/arthur/perso/TeX/live/dev/texmf-dist/tex/generic/oberdiek/pdftexcmds.sty (/home/arthur/perso/TeX/live/dev/texmf-dist/tex/generic/oberdiek/ifpdf.sty) (/home/arthur/perso/TeX/live/dev/texmf-dist/tex/generic/oberdiek/luatex-loader.sty
(/home/arthur/perso/TeX/live/dev/texmf-dist/scripts/oberdiek/oberdiek.luatex.lua))) (/home/arthur/perso/TeX/live/dev/texmf-dist/tex/latex/oberdiek/epstopdf-base.sty (/home/arthur/perso/TeX/live/dev/texmf-dist/tex/latex/oberdiek/grfext.sty (/home/arthur/perso/TeX/live/dev/texmf-dist/tex/generic/oberdiek/kvdefinekeys.sty)) (/home/arthur/perso/TeX/live/dev/texmf-dist/tex/latex/oberdiek/kvoptions.sty (/home/arthur/perso/TeX/live/dev/texmf-dist/tex/generic/oberdiek/kvsetkeys.sty (/home/arthur/perso/TeX/live/dev/texmf-dist/tex/generic/oberdiek/etexcmds.sty))) (/home/arthur/perso/TeX/live/dev/texmf-dist/tex/latex/latexconfig/epstopdf-sys.cfg))
Underfull \hbox (badness 10000) in paragraph at lines 12--15
[][]

Overfull \hbox (24.58998pt too wide) in paragraph at lines 12--15
\EU2/lmr/m/n/10 Rind-

Overfull \hbox (16.10999pt too wide) in paragraph at lines 12--15
\EU2/lmr/m/n/10 flei-

Overfull \hbox (21.43pt too wide) in paragraph at lines 12--15
\EU2/lmr/m/n/10 sche-

Overfull \hbox (9.99998pt too wide) in paragraph at lines 12--15
\EU2/lmr/m/n/10 ti-

Overfull \hbox (16.65999pt too wide) in paragraph at lines 12--15
\EU2/lmr/m/n/10 ket-

Overfull \hbox (14.43999pt too wide) in paragraph at lines 12--15
\EU2/lmr/m/n/10 tie-

Overfull \hbox (27.30998pt too wide) in paragraph at lines 12--15
\EU2/lmr/m/n/10 rungs-

Overfull \hbox (12.76999pt too wide) in paragraph at lines 12--15
\EU2/lmr/m/n/10 ge-

Overfull \hbox (35.59pt too wide) in paragraph at lines 12--15
\EU2/lmr/m/n/10 setzmel-

Overfull \hbox (8.88998pt too wide) in paragraph at lines 12--15
\EU2/lmr/m/n/10 li-

Overfull \hbox (14.44998pt too wide) in paragraph at lines 12--15
\EU2/lmr/m/n/10 flu-

Overfull \hbox (14.49998pt too wide) in paragraph at lines 12--15
\EU2/lmr/m/n/10 ous 
(load luc: /home/arthur/perso/TeX/live/dev/texmf-var/luatex-cache/generic/fonts/otf/lmroman7-regular.luc)(load luc: /home/arthur/perso/TeX/live/dev/texmf-var/luatex-cache/generic/fonts/otf/lmroman5-regular.luc) [1{/home/arthur/perso/TeX/live/dev/texmf-var/fonts/map/pdftex/updmap/pdftex.map}] (./scenario.aux))
(see the transcript file for additional information)
 274 words of node memory still in use:
   3 hlist, 1 vlist, 1 rule, 2 glue, 3 attribute, 37 glue_spec, 3 attribute_list, 1 write nodes
   avail lists: 1:1,2:29,3:18,4:54,5:2,6:63,7:13,9:21,10:12
</home/arthur/perso/TeX/live/dev/texmf-dist/fonts/opentype/public/lm/lmroman10-regular.otf>
Output written on scenario.pdf (1 page, 4430 bytes).
Transcript written on scenario.log.
    Then it should work                                                                              # features/step_definitions/text_steps.rb:301
    And I should see "Rind-flei-sche-ti-ket-tie-rungs-ge-setzmel-li-flu-ous"                         # features/step_definitions/text_steps.rb:373

1 scenario (1 passed)
9 steps (9 passed)
0m1.192s
